<?xml version="1.0" encoding="UTF-8"?>
<robot generator="Robot 7.4.1 (Python 3.14.2 on darwin)" generated="2025-12-25T11:21:54.168513" rpa="false" schemaversion="5">
<suite id="s1" name="Todo" source="/Users/wantidadechtawee/Documents/Automation-Testing/PW-APITEST-APP/tests/todo.robot">
<kw name="Open todo App" type="SETUP">
<kw name="Open Browser">
<msg time="2025-12-25T11:21:54.185998" level="FAIL">No keyword with name 'Open Browser' found.</msg>
<arg>${TODO_URL}</arg>
<arg>${BROWSER}</arg>
<status status="FAIL" start="2025-12-25T11:21:54.185983" elapsed="0.000037">No keyword with name 'Open Browser' found.</status>
</kw>
<kw name="Maximize Browser Window">
<status status="NOT RUN" start="2025-12-25T11:21:54.186074" elapsed="0.000007"/>
</kw>
<kw name="Wait Until Page Contains Element">
<arg>css=input.new-todo</arg>
<status status="NOT RUN" start="2025-12-25T11:21:54.186112" elapsed="0.000006"/>
</kw>
<status status="FAIL" start="2025-12-25T11:21:54.185517" elapsed="0.000643">No keyword with name 'Open Browser' found.</status>
</kw>
<test id="s1-t1" name="TC_01 Add Todo Successfully" line="35">
<doc>Verify user can add a new todo</doc>
<status status="FAIL" start="2025-12-25T11:21:54.186187" elapsed="0.000135">Parent suite setup failed:
No keyword with name 'Open Browser' found.</status>
</test>
<test id="s1-t2" name="TC_02 Delete Todo Successfully" line="40">
<doc>Verify user can delete existing todo</doc>
<status status="FAIL" start="2025-12-25T11:21:54.186395" elapsed="0.000115">Parent suite setup failed:
No keyword with name 'Open Browser' found.</status>
</test>
<kw name="Close Application" type="TEARDOWN">
<kw name="Close Browser">
<msg time="2025-12-25T11:21:54.187043" level="FAIL">No keyword with name 'Close Browser' found.</msg>
<status status="FAIL" start="2025-12-25T11:21:54.187033" elapsed="0.000024">No keyword with name 'Close Browser' found.</status>
</kw>
<status status="FAIL" start="2025-12-25T11:21:54.186688" elapsed="0.000410">No keyword with name 'Close Browser' found.</status>
</kw>
<status status="FAIL" start="2025-12-25T11:21:54.169351" elapsed="0.017766">Suite setup failed:
No keyword with name 'Open Browser' found.

Also suite teardown failed:
No keyword with name 'Close Browser' found.</status>
</suite>
<statistics>
<total>
<stat pass="0" fail="2" skip="0">All Tests</stat>
</total>
<tag>
</tag>
<suite>
<stat name="Todo" id="s1" pass="0" fail="2" skip="0">Todo</stat>
</suite>
</statistics>
<errors>
<msg time="2025-12-25T11:21:54.184986" level="ERROR">Error in file '/Users/wantidadechtawee/Documents/Automation-Testing/PW-APITEST-APP/tests/todo.robot' on line 2: Importing library 'SeleniumLibrary' failed: ModuleNotFoundError: No module named 'SeleniumLibrary'
Traceback (most recent call last):
  None
PYTHONPATH:
  /Users/wantidadechtawee/Documents/Automation-Testing/PW-APITEST-APP/.venv/bin
  /opt/homebrew/Cellar/python@3.14/3.14.2/Frameworks/Python.framework/Versions/3.14/lib/python314.zip
  /opt/homebrew/Cellar/python@3.14/3.14.2/Frameworks/Python.framework/Versions/3.14/lib/python3.14
  /opt/homebrew/Cellar/python@3.14/3.14.2/Frameworks/Python.framework/Versions/3.14/lib/python3.14/lib-dynload
  /Users/wantidadechtawee/Documents/Automation-Testing/PW-APITEST-APP/.venv/lib/python3.14/site-packages</msg>
<msg time="2025-12-25T11:21:54.185125" level="ERROR">Error in file '/Users/wantidadechtawee/Documents/Automation-Testing/PW-APITEST-APP/tests/todo.robot' on line 30: Resource file '../resources/keywords.robot' does not exist.</msg>
</errors>
</robot>
